/usr/local/rvm/gems/ruby-2.3.3/gems/fog-1.23.0/lib/fog/rackspace/mock_data.rb:42: warning: key "name" is duplicated and overwritten on line 80
=> Booting Puma
=> Rails 4.2.6 application starting in development on http://localhost:3000
=> Run `rails server -h` for more startup options
=> Ctrl-C to shutdown server
Puma 2.16.0 starting...
* Min threads: 0, max threads: 16
* Environment: development
* Listening on tcp://localhost:3000
Exiting
/usr/local/rvm/gems/ruby-2.3.3/gems/fog-1.23.0/lib/fog/rackspace/mock_data.rb:42: warning: key "name" is duplicated and overwritten on line 80
=> Booting Puma
=> Rails 4.2.6 application starting in development on http:///root/stories/tmp/sockets/puma.sock:3000
=> Run `rails server -h` for more startup options
=> Ctrl-C to shutdown server
Puma 2.16.0 starting...
* Min threads: 0, max threads: 16
* Environment: development
* Listening on tcp:///root/stories/tmp/sockets/puma.sock:3000
Exiting
/usr/local/rvm/gems/ruby-2.3.3/gems/puma-2.16.0/lib/puma/binder.rb:234:in `initialize': getaddrinfo: Name or service not known (SocketError)
	from /usr/local/rvm/gems/ruby-2.3.3/gems/puma-2.16.0/lib/puma/binder.rb:234:in `new'
	from /usr/local/rvm/gems/ruby-2.3.3/gems/puma-2.16.0/lib/puma/binder.rb:234:in `add_tcp_listener'
	from (eval):2:in `add_tcp_listener'
	from /usr/local/rvm/gems/ruby-2.3.3/gems/puma-2.16.0/lib/rack/handler/puma.rb:37:in `run'
	from /usr/local/rvm/gems/ruby-2.3.3/gems/rack-1.6.4/lib/rack/server.rb:286:in `start'
	from /usr/local/rvm/gems/ruby-2.3.3/gems/railties-4.2.6/lib/rails/commands/server.rb:80:in `start'
	from /usr/local/rvm/gems/ruby-2.3.3/gems/railties-4.2.6/lib/rails/commands/commands_tasks.rb:80:in `block in server'
	from /usr/local/rvm/gems/ruby-2.3.3/gems/railties-4.2.6/lib/rails/commands/commands_tasks.rb:75:in `tap'
	from /usr/local/rvm/gems/ruby-2.3.3/gems/railties-4.2.6/lib/rails/commands/commands_tasks.rb:75:in `server'
	from /usr/local/rvm/gems/ruby-2.3.3/gems/railties-4.2.6/lib/rails/commands/commands_tasks.rb:39:in `run_command!'
	from /usr/local/rvm/gems/ruby-2.3.3/gems/railties-4.2.6/lib/rails/commands.rb:17:in `<top (required)>'
	from /root/stories/bin/rails:9:in `require'
	from /root/stories/bin/rails:9:in `<top (required)>'
	from /usr/local/rvm/gems/ruby-2.3.3/gems/spring-1.6.4/lib/spring/client/rails.rb:28:in `load'
	from /usr/local/rvm/gems/ruby-2.3.3/gems/spring-1.6.4/lib/spring/client/rails.rb:28:in `call'
	from /usr/local/rvm/gems/ruby-2.3.3/gems/spring-1.6.4/lib/spring/client/command.rb:7:in `call'
	from /usr/local/rvm/gems/ruby-2.3.3/gems/spring-1.6.4/lib/spring/client.rb:28:in `run'
	from /usr/local/rvm/gems/ruby-2.3.3/gems/spring-1.6.4/bin/spring:49:in `<top (required)>'
	from /usr/local/rvm/gems/ruby-2.3.3/gems/spring-1.6.4/lib/spring/binstub.rb:11:in `load'
	from /usr/local/rvm/gems/ruby-2.3.3/gems/spring-1.6.4/lib/spring/binstub.rb:11:in `<top (required)>'
	from /root/stories/bin/spring:13:in `require'
	from /root/stories/bin/spring:13:in `<top (required)>'
	from bin/rails:3:in `load'
	from bin/rails:3:in `<main>'
/usr/local/rvm/gems/ruby-2.3.3/gems/fog-1.23.0/lib/fog/rackspace/mock_data.rb:42: warning: key "name" is duplicated and overwritten on line 80
=> Booting Puma
=> Rails 4.2.6 application starting in development on http:///root/stories/shared/sockets/puma.sock:3000
=> Run `rails server -h` for more startup options
=> Ctrl-C to shutdown server
Puma 2.16.0 starting...
* Min threads: 0, max threads: 16
* Environment: development
* Listening on tcp:///root/stories/shared/sockets/puma.sock:3000
Exiting
/usr/local/rvm/gems/ruby-2.3.3/gems/puma-2.16.0/lib/puma/binder.rb:234:in `initialize': getaddrinfo: Name or service not known (SocketError)
	from /usr/local/rvm/gems/ruby-2.3.3/gems/puma-2.16.0/lib/puma/binder.rb:234:in `new'
	from /usr/local/rvm/gems/ruby-2.3.3/gems/puma-2.16.0/lib/puma/binder.rb:234:in `add_tcp_listener'
	from (eval):2:in `add_tcp_listener'
	from /usr/local/rvm/gems/ruby-2.3.3/gems/puma-2.16.0/lib/rack/handler/puma.rb:37:in `run'
	from /usr/local/rvm/gems/ruby-2.3.3/gems/rack-1.6.4/lib/rack/server.rb:286:in `start'
	from /usr/local/rvm/gems/ruby-2.3.3/gems/railties-4.2.6/lib/rails/commands/server.rb:80:in `start'
	from /usr/local/rvm/gems/ruby-2.3.3/gems/railties-4.2.6/lib/rails/commands/commands_tasks.rb:80:in `block in server'
	from /usr/local/rvm/gems/ruby-2.3.3/gems/railties-4.2.6/lib/rails/commands/commands_tasks.rb:75:in `tap'
	from /usr/local/rvm/gems/ruby-2.3.3/gems/railties-4.2.6/lib/rails/commands/commands_tasks.rb:75:in `server'
	from /usr/local/rvm/gems/ruby-2.3.3/gems/railties-4.2.6/lib/rails/commands/commands_tasks.rb:39:in `run_command!'
	from /usr/local/rvm/gems/ruby-2.3.3/gems/railties-4.2.6/lib/rails/commands.rb:17:in `<top (required)>'
	from /root/stories/bin/rails:9:in `require'
	from /root/stories/bin/rails:9:in `<top (required)>'
	from /usr/local/rvm/gems/ruby-2.3.3/gems/spring-1.6.4/lib/spring/client/rails.rb:28:in `load'
	from /usr/local/rvm/gems/ruby-2.3.3/gems/spring-1.6.4/lib/spring/client/rails.rb:28:in `call'
	from /usr/local/rvm/gems/ruby-2.3.3/gems/spring-1.6.4/lib/spring/client/command.rb:7:in `call'
	from /usr/local/rvm/gems/ruby-2.3.3/gems/spring-1.6.4/lib/spring/client.rb:28:in `run'
	from /usr/local/rvm/gems/ruby-2.3.3/gems/spring-1.6.4/bin/spring:49:in `<top (required)>'
	from /usr/local/rvm/gems/ruby-2.3.3/gems/spring-1.6.4/lib/spring/binstub.rb:11:in `load'
	from /usr/local/rvm/gems/ruby-2.3.3/gems/spring-1.6.4/lib/spring/binstub.rb:11:in `<top (required)>'
	from /root/stories/bin/spring:13:in `require'
	from /root/stories/bin/spring:13:in `<top (required)>'
	from bin/rails:3:in `load'
	from bin/rails:3:in `<main>'
/usr/local/rvm/gems/ruby-2.3.3/gems/fog-1.23.0/lib/fog/rackspace/mock_data.rb:42: warning: key "name" is duplicated and overwritten on line 80
=> Booting Puma
=> Rails 4.2.6 application starting in development on http:///root/stories/tmp/sockets/puma.sock:3000
=> Run `rails server -h` for more startup options
=> Ctrl-C to shutdown server
Puma 2.16.0 starting...
* Min threads: 0, max threads: 16
* Environment: development
* Listening on tcp:///root/stories/tmp/sockets/puma.sock:3000
Exiting
/usr/local/rvm/gems/ruby-2.3.3/gems/puma-2.16.0/lib/puma/binder.rb:234:in `initialize': getaddrinfo: Name or service not known (SocketError)
	from /usr/local/rvm/gems/ruby-2.3.3/gems/puma-2.16.0/lib/puma/binder.rb:234:in `new'
	from /usr/local/rvm/gems/ruby-2.3.3/gems/puma-2.16.0/lib/puma/binder.rb:234:in `add_tcp_listener'
	from (eval):2:in `add_tcp_listener'
	from /usr/local/rvm/gems/ruby-2.3.3/gems/puma-2.16.0/lib/rack/handler/puma.rb:37:in `run'
	from /usr/local/rvm/gems/ruby-2.3.3/gems/rack-1.6.4/lib/rack/server.rb:286:in `start'
	from /usr/local/rvm/gems/ruby-2.3.3/gems/railties-4.2.6/lib/rails/commands/server.rb:80:in `start'
	from /usr/local/rvm/gems/ruby-2.3.3/gems/railties-4.2.6/lib/rails/commands/commands_tasks.rb:80:in `block in server'
	from /usr/local/rvm/gems/ruby-2.3.3/gems/railties-4.2.6/lib/rails/commands/commands_tasks.rb:75:in `tap'
	from /usr/local/rvm/gems/ruby-2.3.3/gems/railties-4.2.6/lib/rails/commands/commands_tasks.rb:75:in `server'
	from /usr/local/rvm/gems/ruby-2.3.3/gems/railties-4.2.6/lib/rails/commands/commands_tasks.rb:39:in `run_command!'
	from /usr/local/rvm/gems/ruby-2.3.3/gems/railties-4.2.6/lib/rails/commands.rb:17:in `<top (required)>'
	from /root/stories/bin/rails:9:in `require'
	from /root/stories/bin/rails:9:in `<top (required)>'
	from /usr/local/rvm/gems/ruby-2.3.3/gems/spring-1.6.4/lib/spring/client/rails.rb:28:in `load'
	from /usr/local/rvm/gems/ruby-2.3.3/gems/spring-1.6.4/lib/spring/client/rails.rb:28:in `call'
	from /usr/local/rvm/gems/ruby-2.3.3/gems/spring-1.6.4/lib/spring/client/command.rb:7:in `call'
	from /usr/local/rvm/gems/ruby-2.3.3/gems/spring-1.6.4/lib/spring/client.rb:28:in `run'
	from /usr/local/rvm/gems/ruby-2.3.3/gems/spring-1.6.4/bin/spring:49:in `<top (required)>'
	from /usr/local/rvm/gems/ruby-2.3.3/gems/spring-1.6.4/lib/spring/binstub.rb:11:in `load'
	from /usr/local/rvm/gems/ruby-2.3.3/gems/spring-1.6.4/lib/spring/binstub.rb:11:in `<top (required)>'
	from /root/stories/bin/spring:13:in `require'
	from /root/stories/bin/spring:13:in `<top (required)>'
	from bin/rails:3:in `load'
	from bin/rails:3:in `<main>'
[3824] Puma starting in cluster mode...
[3824] * Version 2.16.0 (ruby 2.3.3-p222), codename: Midwinter Nights Trance
[3824] * Min threads: 5, max threads: 5
[3824] * Environment: development
[3824] * Process workers: 2
[3824] * Preloading application
/usr/local/rvm/gems/ruby-2.3.3/gems/fog-1.23.0/lib/fog/rackspace/mock_data.rb:42: warning: key "name" is duplicated and overwritten on line 80
[3824] * Listening on tcp://0.0.0.0:80
[3824] * Listening on unix:///root/stories/shared/sockets/puma.sock
[3824] ! WARNING: Detected 1 Thread(s) started in app boot:
[3824] ! #<Rack::MiniProfiler::FileStore::CacheCleanupThread:0x00000007a290c0@/usr/local/rvm/gems/ruby-2.3.3/gems/rack-mini-profiler-0.9.8/lib/mini_profiler/storage/file_store.rb:53 sleep> - /usr/local/rvm/gems/ruby-2.3.3/gems/rack-mini-profiler-0.9.8/lib/mini_profiler/storage/file_store.rb:71:in `sleep'
[3824] Use Ctrl-C to stop
[15647] Puma starting in cluster mode...
[15647] * Version 2.16.0 (ruby 2.3.3-p222), codename: Midwinter Nights Trance
[15647] * Min threads: 5, max threads: 5
[15647] * Environment: development
[15647] * Process workers: 2
[15647] * Preloading application
/usr/local/rvm/gems/ruby-2.3.3/gems/fog-1.23.0/lib/fog/rackspace/mock_data.rb:42: warning: key "name" is duplicated and overwritten on line 80
[15647] * Listening on tcp://0.0.0.0:80
[15647] * Listening on unix:///root/stories/shared/sockets/puma.sock
[15647] ! WARNING: Detected 1 Thread(s) started in app boot:
[15647] ! #<Rack::MiniProfiler::FileStore::CacheCleanupThread:0x00000007510660@/usr/local/rvm/gems/ruby-2.3.3/gems/rack-mini-profiler-0.9.8/lib/mini_profiler/storage/file_store.rb:53 sleep> - /usr/local/rvm/gems/ruby-2.3.3/gems/rack-mini-profiler-0.9.8/lib/mini_profiler/storage/file_store.rb:71:in `sleep'
[15647] Use Ctrl-C to stop
