=== puma startup: 2017-05-29 10:28:01 +0800 ===
=== puma startup: 2017-05-29 10:29:19 +0800 ===
=== puma startup: 2017-05-29 10:30:25 +0800 ===
=== puma startup: 2017-05-29 10:32:17 +0800 ===
=== puma startup: 2017-05-29 10:36:21 +0800 ===
=== puma startup: 2017-05-29 10:36:21 +0800 ===
=== puma startup: 2017-05-29 10:36:21 +0800 ===
=== puma startup: 2017-05-29 10:36:21 +0800 ===
=== puma startup: 2017-05-29 10:36:21 +0800 ===
=== puma startup: 2017-05-29 10:36:21 +0800 ===
=== puma startup: 2017-05-30 11:16:49 +0800 ===
=== puma startup: 2017-05-30 11:17:09 +0800 ===
=== puma startup: 2017-05-30 11:22:08 +0800 ===
=== puma startup: 2017-05-30 11:22:08 +0800 ===
=== puma startup: 2017-05-30 11:22:08 +0800 ===
=== puma startup: 2017-05-30 11:22:08 +0800 ===
=== puma startup: 2017-05-30 11:22:08 +0800 ===
=== puma startup: 2017-05-30 20:30:33 +0800 ===
=== puma startup: 2017-05-30 20:30:33 +0800 ===
=== puma startup: 2017-05-30 20:30:33 +0800 ===
=== puma startup: 2017-05-30 20:30:33 +0800 ===
=== puma startup: 2017-05-30 20:30:33 +0800 ===
=== puma startup: 2017-05-31 10:22:00 +0800 ===
=== puma startup: 2017-05-31 10:22:50 +0800 ===
=== puma startup: 2017-05-31 10:26:49 +0800 ===
=== puma startup: 2017-05-31 10:26:49 +0800 ===
=== puma startup: 2017-05-31 10:26:49 +0800 ===
WARN: tilt autoloading 'tilt/erubis' in a non thread-safe way; explicit require 'tilt/erubis' suggested.
WARN: tilt autoloading 'tilt/erubis' in a non thread-safe way; explicit require 'tilt/erubis' suggested.
2017-05-31 12:57:32 +0800: HTTP parse error, malformed request (): #<Puma::HttpParserError: Invalid HTTP format, parsing fails.>
2017-05-31 12:57:32 +0800: ENV: {"rack.version"=>[1, 3], "rack.errors"=>#<IO:/root/stories/shared/log/puma.stderr.log>, "rack.multithread"=>true, "rack.multiprocess"=>false, "rack.run_once"=>false, "SCRIPT_NAME"=>"", "QUERY_STRING"=>"", "SERVER_PROTOCOL"=>"HTTP/1.1", "SERVER_SOFTWARE"=>"2.16.0", "GATEWAY_INTERFACE"=>"CGI/1.2", "REQUEST_METHOD"=>"GET"}
---
2017-05-31 14:40:39 +0800: HTTP parse error, malformed request (): #<Puma::HttpParserError: Invalid HTTP format, parsing fails.>
2017-05-31 14:40:39 +0800: ENV: {"rack.version"=>[1, 3], "rack.errors"=>#<IO:/root/stories/shared/log/puma.stderr.log>, "rack.multithread"=>true, "rack.multiprocess"=>false, "rack.run_once"=>false, "SCRIPT_NAME"=>"", "QUERY_STRING"=>"", "SERVER_PROTOCOL"=>"HTTP/1.1", "SERVER_SOFTWARE"=>"2.16.0", "GATEWAY_INTERFACE"=>"CGI/1.2", "REQUEST_METHOD"=>"GET", "REQUEST_PATH"=>"/", "REQUEST_URI"=>"/"}
---
2017-05-31 15:21:56 +0800: HTTP parse error, malformed request (): #<Puma::HttpParserError: Invalid HTTP format, parsing fails.>
2017-05-31 15:21:56 +0800: ENV: {"rack.version"=>[1, 3], "rack.errors"=>#<IO:/root/stories/shared/log/puma.stderr.log>, "rack.multithread"=>true, "rack.multiprocess"=>false, "rack.run_once"=>false, "SCRIPT_NAME"=>"", "QUERY_STRING"=>"", "SERVER_PROTOCOL"=>"HTTP/1.1", "SERVER_SOFTWARE"=>"2.16.0", "GATEWAY_INTERFACE"=>"CGI/1.2", "REQUEST_METHOD"=>"GET", "REQUEST_PATH"=>"/", "REQUEST_URI"=>"/"}
---
2017-05-31 16:40:56 +0800: HTTP parse error, malformed request (): #<Puma::HttpParserError: Invalid HTTP format, parsing fails.>
2017-05-31 16:40:56 +0800: ENV: {"rack.version"=>[1, 3], "rack.errors"=>#<IO:/root/stories/shared/log/puma.stderr.log>, "rack.multithread"=>true, "rack.multiprocess"=>false, "rack.run_once"=>false, "SCRIPT_NAME"=>"", "QUERY_STRING"=>"", "SERVER_PROTOCOL"=>"HTTP/1.1", "SERVER_SOFTWARE"=>"2.16.0", "GATEWAY_INTERFACE"=>"CGI/1.2", "REQUEST_METHOD"=>"GET"}
---
2017-05-31 17:22:40 +0800: HTTP parse error, malformed request (): #<Puma::HttpParserError: Invalid HTTP format, parsing fails.>
2017-05-31 17:22:40 +0800: ENV: {"rack.version"=>[1, 3], "rack.errors"=>#<IO:/root/stories/shared/log/puma.stderr.log>, "rack.multithread"=>true, "rack.multiprocess"=>false, "rack.run_once"=>false, "SCRIPT_NAME"=>"", "QUERY_STRING"=>"", "SERVER_PROTOCOL"=>"HTTP/1.1", "SERVER_SOFTWARE"=>"2.16.0", "GATEWAY_INTERFACE"=>"CGI/1.2"}
---
2017-05-31 20:29:03 +0800: HTTP parse error, malformed request (): #<Puma::HttpParserError: Invalid HTTP format, parsing fails.>
2017-05-31 20:29:03 +0800: ENV: {"rack.version"=>[1, 3], "rack.errors"=>#<IO:/root/stories/shared/log/puma.stderr.log>, "rack.multithread"=>true, "rack.multiprocess"=>false, "rack.run_once"=>false, "SCRIPT_NAME"=>"", "QUERY_STRING"=>"", "SERVER_PROTOCOL"=>"HTTP/1.1", "SERVER_SOFTWARE"=>"2.16.0", "GATEWAY_INTERFACE"=>"CGI/1.2"}
---
2017-05-31 20:29:03 +0800: HTTP parse error, malformed request (): #<Puma::HttpParserError: Invalid HTTP format, parsing fails.>
2017-05-31 20:29:03 +0800: ENV: {"rack.version"=>[1, 3], "rack.errors"=>#<IO:/root/stories/shared/log/puma.stderr.log>, "rack.multithread"=>true, "rack.multiprocess"=>false, "rack.run_once"=>false, "SCRIPT_NAME"=>"", "QUERY_STRING"=>"", "SERVER_PROTOCOL"=>"HTTP/1.1", "SERVER_SOFTWARE"=>"2.16.0", "GATEWAY_INTERFACE"=>"CGI/1.2"}
---
2017-05-31 23:07:40 +0800: HTTP parse error, malformed request (): #<Puma::HttpParserError: Invalid HTTP format, parsing fails.>
2017-05-31 23:07:40 +0800: ENV: {"rack.version"=>[1, 3], "rack.errors"=>#<IO:/root/stories/shared/log/puma.stderr.log>, "rack.multithread"=>true, "rack.multiprocess"=>false, "rack.run_once"=>false, "SCRIPT_NAME"=>"", "QUERY_STRING"=>"", "SERVER_PROTOCOL"=>"HTTP/1.1", "SERVER_SOFTWARE"=>"2.16.0", "GATEWAY_INTERFACE"=>"CGI/1.2"}
---
2017-05-31 23:07:40 +0800: HTTP parse error, malformed request (): #<Puma::HttpParserError: Invalid HTTP format, parsing fails.>
2017-05-31 23:07:40 +0800: ENV: {"rack.version"=>[1, 3], "rack.errors"=>#<IO:/root/stories/shared/log/puma.stderr.log>, "rack.multithread"=>true, "rack.multiprocess"=>false, "rack.run_once"=>false, "SCRIPT_NAME"=>"", "QUERY_STRING"=>"", "SERVER_PROTOCOL"=>"HTTP/1.1", "SERVER_SOFTWARE"=>"2.16.0", "GATEWAY_INTERFACE"=>"CGI/1.2"}
---
2017-06-01 01:55:22 +0800: HTTP parse error, malformed request (): #<Puma::HttpParserError: Invalid HTTP format, parsing fails.>
2017-06-01 01:55:22 +0800: ENV: {"rack.version"=>[1, 3], "rack.errors"=>#<IO:/root/stories/shared/log/puma.stderr.log>, "rack.multithread"=>true, "rack.multiprocess"=>false, "rack.run_once"=>false, "SCRIPT_NAME"=>"", "QUERY_STRING"=>"", "SERVER_PROTOCOL"=>"HTTP/1.1", "SERVER_SOFTWARE"=>"2.16.0", "GATEWAY_INTERFACE"=>"CGI/1.2", "REQUEST_METHOD"=>"HEAD", "REQUEST_URI"=>"http://180.163.113.82/check_proxy"}
---
2017-06-01 02:17:42 +0800: HTTP parse error, malformed request (): #<Puma::HttpParserError: Invalid HTTP format, parsing fails.>
2017-06-01 02:17:42 +0800: ENV: {"rack.version"=>[1, 3], "rack.errors"=>#<IO:/root/stories/shared/log/puma.stderr.log>, "rack.multithread"=>true, "rack.multiprocess"=>false, "rack.run_once"=>false, "SCRIPT_NAME"=>"", "QUERY_STRING"=>"", "SERVER_PROTOCOL"=>"HTTP/1.1", "SERVER_SOFTWARE"=>"2.16.0", "GATEWAY_INTERFACE"=>"CGI/1.2", "REQUEST_METHOD"=>"HEAD", "REQUEST_URI"=>"http://180.163.113.82/check_proxy"}
---
2017-06-01 04:41:02 +0800: HTTP parse error, malformed request (): #<Puma::HttpParserError: Invalid HTTP format, parsing fails.>
2017-06-01 04:41:02 +0800: ENV: {"rack.version"=>[1, 3], "rack.errors"=>#<IO:/root/stories/shared/log/puma.stderr.log>, "rack.multithread"=>true, "rack.multiprocess"=>false, "rack.run_once"=>false, "SCRIPT_NAME"=>"", "QUERY_STRING"=>"", "SERVER_PROTOCOL"=>"HTTP/1.1", "SERVER_SOFTWARE"=>"2.16.0", "GATEWAY_INTERFACE"=>"CGI/1.2", "REQUEST_METHOD"=>"GET", "REQUEST_PATH"=>"/", "REQUEST_URI"=>"/"}
---
2017-06-01 04:42:43 +0800: HTTP parse error, malformed request (): #<Puma::HttpParserError: Invalid HTTP format, parsing fails.>
2017-06-01 04:42:43 +0800: ENV: {"rack.version"=>[1, 3], "rack.errors"=>#<IO:/root/stories/shared/log/puma.stderr.log>, "rack.multithread"=>true, "rack.multiprocess"=>false, "rack.run_once"=>false, "SCRIPT_NAME"=>"", "QUERY_STRING"=>"", "SERVER_PROTOCOL"=>"HTTP/1.1", "SERVER_SOFTWARE"=>"2.16.0", "GATEWAY_INTERFACE"=>"CGI/1.2", "REQUEST_METHOD"=>"GET", "REQUEST_PATH"=>"/", "REQUEST_URI"=>"/"}
---
2017-06-01 06:13:21 +0800: HTTP parse error, malformed request (): #<Puma::HttpParserError: Invalid HTTP format, parsing fails.>
2017-06-01 06:13:21 +0800: ENV: {"rack.version"=>[1, 3], "rack.errors"=>#<IO:/root/stories/shared/log/puma.stderr.log>, "rack.multithread"=>true, "rack.multiprocess"=>false, "rack.run_once"=>false, "SCRIPT_NAME"=>"", "QUERY_STRING"=>"", "SERVER_PROTOCOL"=>"HTTP/1.1", "SERVER_SOFTWARE"=>"2.16.0", "GATEWAY_INTERFACE"=>"CGI/1.2"}
---
2017-06-01 06:20:13 +0800: HTTP parse error, malformed request (): #<Puma::HttpParserError: Invalid HTTP format, parsing fails.>
2017-06-01 06:20:13 +0800: ENV: {"rack.version"=>[1, 3], "rack.errors"=>#<IO:/root/stories/shared/log/puma.stderr.log>, "rack.multithread"=>true, "rack.multiprocess"=>false, "rack.run_once"=>false, "SCRIPT_NAME"=>"", "QUERY_STRING"=>"", "SERVER_PROTOCOL"=>"HTTP/1.1", "SERVER_SOFTWARE"=>"2.16.0", "GATEWAY_INTERFACE"=>"CGI/1.2"}
---
2017-06-01 06:20:14 +0800: HTTP parse error, malformed request (): #<Puma::HttpParserError: Invalid HTTP format, parsing fails.>
2017-06-01 06:20:14 +0800: ENV: {"rack.version"=>[1, 3], "rack.errors"=>#<IO:/root/stories/shared/log/puma.stderr.log>, "rack.multithread"=>true, "rack.multiprocess"=>false, "rack.run_once"=>false, "SCRIPT_NAME"=>"", "QUERY_STRING"=>"", "SERVER_PROTOCOL"=>"HTTP/1.1", "SERVER_SOFTWARE"=>"2.16.0", "GATEWAY_INTERFACE"=>"CGI/1.2"}
---
2017-06-01 06:20:14 +0800: HTTP parse error, malformed request (): #<Puma::HttpParserError: Invalid HTTP format, parsing fails.>
2017-06-01 06:20:14 +0800: ENV: {"rack.version"=>[1, 3], "rack.errors"=>#<IO:/root/stories/shared/log/puma.stderr.log>, "rack.multithread"=>true, "rack.multiprocess"=>false, "rack.run_once"=>false, "SCRIPT_NAME"=>"", "QUERY_STRING"=>"", "SERVER_PROTOCOL"=>"HTTP/1.1", "SERVER_SOFTWARE"=>"2.16.0", "GATEWAY_INTERFACE"=>"CGI/1.2"}
---
2017-06-01 09:18:28 +0800: HTTP parse error, malformed request (): #<Puma::HttpParserError: Invalid HTTP format, parsing fails.>
2017-06-01 09:18:28 +0800: ENV: {"rack.version"=>[1, 3], "rack.errors"=>#<IO:/root/stories/shared/log/puma.stderr.log>, "rack.multithread"=>true, "rack.multiprocess"=>false, "rack.run_once"=>false, "SCRIPT_NAME"=>"", "QUERY_STRING"=>"", "SERVER_PROTOCOL"=>"HTTP/1.1", "SERVER_SOFTWARE"=>"2.16.0", "GATEWAY_INTERFACE"=>"CGI/1.2"}
---
2017-06-01 10:09:26 +0800: HTTP parse error, malformed request (): #<Puma::HttpParserError: Invalid HTTP format, parsing fails.>
2017-06-01 10:09:26 +0800: ENV: {"rack.version"=>[1, 3], "rack.errors"=>#<IO:/root/stories/shared/log/puma.stderr.log>, "rack.multithread"=>true, "rack.multiprocess"=>false, "rack.run_once"=>false, "SCRIPT_NAME"=>"", "QUERY_STRING"=>"", "SERVER_PROTOCOL"=>"HTTP/1.1", "SERVER_SOFTWARE"=>"2.16.0", "GATEWAY_INTERFACE"=>"CGI/1.2"}
---
2017-06-01 11:49:05 +0800: HTTP parse error, malformed request (): #<Puma::HttpParserError: Invalid HTTP format, parsing fails.>
2017-06-01 11:49:05 +0800: ENV: {"rack.version"=>[1, 3], "rack.errors"=>#<IO:/root/stories/shared/log/puma.stderr.log>, "rack.multithread"=>true, "rack.multiprocess"=>false, "rack.run_once"=>false, "SCRIPT_NAME"=>"", "QUERY_STRING"=>"", "SERVER_PROTOCOL"=>"HTTP/1.1", "SERVER_SOFTWARE"=>"2.16.0", "GATEWAY_INTERFACE"=>"CGI/1.2"}
---
2017-06-01 12:40:20 +0800: HTTP parse error, malformed request (): #<Puma::HttpParserError: Invalid HTTP format, parsing fails.>
2017-06-01 12:40:20 +0800: ENV: {"rack.version"=>[1, 3], "rack.errors"=>#<IO:/root/stories/shared/log/puma.stderr.log>, "rack.multithread"=>true, "rack.multiprocess"=>false, "rack.run_once"=>false, "SCRIPT_NAME"=>"", "QUERY_STRING"=>"", "SERVER_PROTOCOL"=>"HTTP/1.1", "SERVER_SOFTWARE"=>"2.16.0", "GATEWAY_INTERFACE"=>"CGI/1.2"}
---
2017-06-01 18:14:49 +0800: HTTP parse error, malformed request (): #<Puma::HttpParserError: Invalid HTTP format, parsing fails.>
2017-06-01 18:14:49 +0800: ENV: {"rack.version"=>[1, 3], "rack.errors"=>#<IO:/root/stories/shared/log/puma.stderr.log>, "rack.multithread"=>true, "rack.multiprocess"=>false, "rack.run_once"=>false, "SCRIPT_NAME"=>"", "QUERY_STRING"=>"", "SERVER_PROTOCOL"=>"HTTP/1.1", "SERVER_SOFTWARE"=>"2.16.0", "GATEWAY_INTERFACE"=>"CGI/1.2"}
---
2017-06-01 18:14:49 +0800: HTTP parse error, malformed request (): #<Puma::HttpParserError: Invalid HTTP format, parsing fails.>
2017-06-01 18:14:49 +0800: ENV: {"rack.version"=>[1, 3], "rack.errors"=>#<IO:/root/stories/shared/log/puma.stderr.log>, "rack.multithread"=>true, "rack.multiprocess"=>false, "rack.run_once"=>false, "SCRIPT_NAME"=>"", "QUERY_STRING"=>"", "SERVER_PROTOCOL"=>"HTTP/1.1", "SERVER_SOFTWARE"=>"2.16.0", "GATEWAY_INTERFACE"=>"CGI/1.2"}
---
2017-06-02 02:28:50 +0800: HTTP parse error, malformed request (): #<Puma::HttpParserError: Invalid HTTP format, parsing fails.>
2017-06-02 02:28:50 +0800: ENV: {"rack.version"=>[1, 3], "rack.errors"=>#<IO:/root/stories/shared/log/puma.stderr.log>, "rack.multithread"=>true, "rack.multiprocess"=>false, "rack.run_once"=>false, "SCRIPT_NAME"=>"", "QUERY_STRING"=>"", "SERVER_PROTOCOL"=>"HTTP/1.1", "SERVER_SOFTWARE"=>"2.16.0", "GATEWAY_INTERFACE"=>"CGI/1.2"}
---
2017-06-02 03:13:41 +0800: HTTP parse error, malformed request (): #<Puma::HttpParserError: Invalid HTTP format, parsing fails.>
2017-06-02 03:13:41 +0800: ENV: {"rack.version"=>[1, 3], "rack.errors"=>#<IO:/root/stories/shared/log/puma.stderr.log>, "rack.multithread"=>true, "rack.multiprocess"=>false, "rack.run_once"=>false, "SCRIPT_NAME"=>"", "QUERY_STRING"=>"", "SERVER_PROTOCOL"=>"HTTP/1.1", "SERVER_SOFTWARE"=>"2.16.0", "GATEWAY_INTERFACE"=>"CGI/1.2"}
---
2017-06-02 05:25:19 +0800: HTTP parse error, malformed request (): #<Puma::HttpParserError: Invalid HTTP format, parsing fails.>
2017-06-02 05:25:19 +0800: ENV: {"rack.version"=>[1, 3], "rack.errors"=>#<IO:/root/stories/shared/log/puma.stderr.log>, "rack.multithread"=>true, "rack.multiprocess"=>false, "rack.run_once"=>false, "SCRIPT_NAME"=>"", "QUERY_STRING"=>"", "SERVER_PROTOCOL"=>"HTTP/1.1", "SERVER_SOFTWARE"=>"2.16.0", "GATEWAY_INTERFACE"=>"CGI/1.2", "REQUEST_METHOD"=>"GET", "REQUEST_PATH"=>"/", "REQUEST_URI"=>"/"}
---
2017-06-02 12:55:21 +0800: HTTP parse error, malformed request (): #<Puma::HttpParserError: Invalid HTTP format, parsing fails.>
2017-06-02 12:55:21 +0800: ENV: {"rack.version"=>[1, 3], "rack.errors"=>#<IO:/root/stories/shared/log/puma.stderr.log>, "rack.multithread"=>true, "rack.multiprocess"=>false, "rack.run_once"=>false, "SCRIPT_NAME"=>"", "QUERY_STRING"=>"", "SERVER_PROTOCOL"=>"HTTP/1.1", "SERVER_SOFTWARE"=>"2.16.0", "GATEWAY_INTERFACE"=>"CGI/1.2", "REQUEST_METHOD"=>"GET"}
---
2017-06-02 15:39:10 +0800: HTTP parse error, malformed request (): #<Puma::HttpParserError: Invalid HTTP format, parsing fails.>
2017-06-02 15:39:10 +0800: ENV: {"rack.version"=>[1, 3], "rack.errors"=>#<IO:/root/stories/shared/log/puma.stderr.log>, "rack.multithread"=>true, "rack.multiprocess"=>false, "rack.run_once"=>false, "SCRIPT_NAME"=>"", "QUERY_STRING"=>"", "SERVER_PROTOCOL"=>"HTTP/1.1", "SERVER_SOFTWARE"=>"2.16.0", "GATEWAY_INTERFACE"=>"CGI/1.2", "REQUEST_METHOD"=>"GET", "REQUEST_PATH"=>"/", "REQUEST_URI"=>"/"}
---
2017-06-02 15:39:10 +0800: HTTP parse error, malformed request (): #<Puma::HttpParserError: Invalid HTTP format, parsing fails.>
2017-06-02 15:39:10 +0800: ENV: {"rack.version"=>[1, 3], "rack.errors"=>#<IO:/root/stories/shared/log/puma.stderr.log>, "rack.multithread"=>true, "rack.multiprocess"=>false, "rack.run_once"=>false, "SCRIPT_NAME"=>"", "QUERY_STRING"=>"", "SERVER_PROTOCOL"=>"HTTP/1.1", "SERVER_SOFTWARE"=>"2.16.0", "GATEWAY_INTERFACE"=>"CGI/1.2", "REQUEST_METHOD"=>"HEAD", "REQUEST_PATH"=>"/", "REQUEST_URI"=>"/"}
---
2017-06-02 15:39:10 +0800: HTTP parse error, malformed request (): #<Puma::HttpParserError: Invalid HTTP format, parsing fails.>
2017-06-02 15:39:10 +0800: ENV: {"rack.version"=>[1, 3], "rack.errors"=>#<IO:/root/stories/shared/log/puma.stderr.log>, "rack.multithread"=>true, "rack.multiprocess"=>false, "rack.run_once"=>false, "SCRIPT_NAME"=>"", "QUERY_STRING"=>"", "SERVER_PROTOCOL"=>"HTTP/1.1", "SERVER_SOFTWARE"=>"2.16.0", "GATEWAY_INTERFACE"=>"CGI/1.2", "REQUEST_METHOD"=>"OPTIONS", "REQUEST_PATH"=>"/", "REQUEST_URI"=>"/"}
---
2017-06-02 18:18:22 +0800: HTTP parse error, malformed request (): #<Puma::HttpParserError: Invalid HTTP format, parsing fails.>
2017-06-02 18:18:22 +0800: ENV: {"rack.version"=>[1, 3], "rack.errors"=>#<IO:/root/stories/shared/log/puma.stderr.log>, "rack.multithread"=>true, "rack.multiprocess"=>false, "rack.run_once"=>false, "SCRIPT_NAME"=>"", "QUERY_STRING"=>"", "SERVER_PROTOCOL"=>"HTTP/1.1", "SERVER_SOFTWARE"=>"2.16.0", "GATEWAY_INTERFACE"=>"CGI/1.2"}
---
2017-06-02 19:48:04 +0800: HTTP parse error, malformed request (): #<Puma::HttpParserError: Invalid HTTP format, parsing fails.>
2017-06-02 19:48:04 +0800: ENV: {"rack.version"=>[1, 3], "rack.errors"=>#<IO:/root/stories/shared/log/puma.stderr.log>, "rack.multithread"=>true, "rack.multiprocess"=>false, "rack.run_once"=>false, "SCRIPT_NAME"=>"", "QUERY_STRING"=>"", "SERVER_PROTOCOL"=>"HTTP/1.1", "SERVER_SOFTWARE"=>"2.16.0", "GATEWAY_INTERFACE"=>"CGI/1.2"}
---
2017-06-02 19:48:04 +0800: HTTP parse error, malformed request (): #<Puma::HttpParserError: Invalid HTTP format, parsing fails.>
2017-06-02 19:48:04 +0800: ENV: {"rack.version"=>[1, 3], "rack.errors"=>#<IO:/root/stories/shared/log/puma.stderr.log>, "rack.multithread"=>true, "rack.multiprocess"=>false, "rack.run_once"=>false, "SCRIPT_NAME"=>"", "QUERY_STRING"=>"", "SERVER_PROTOCOL"=>"HTTP/1.1", "SERVER_SOFTWARE"=>"2.16.0", "GATEWAY_INTERFACE"=>"CGI/1.2"}
---
2017-06-03 00:35:18 +0800: HTTP parse error, malformed request (): #<Puma::HttpParserError: Invalid HTTP format, parsing fails.>
2017-06-03 00:35:18 +0800: ENV: {"rack.version"=>[1, 3], "rack.errors"=>#<IO:/root/stories/shared/log/puma.stderr.log>, "rack.multithread"=>true, "rack.multiprocess"=>false, "rack.run_once"=>false, "SCRIPT_NAME"=>"", "QUERY_STRING"=>"", "SERVER_PROTOCOL"=>"HTTP/1.1", "SERVER_SOFTWARE"=>"2.16.0", "GATEWAY_INTERFACE"=>"CGI/1.2"}
---
2017-06-03 00:35:18 +0800: HTTP parse error, malformed request (): #<Puma::HttpParserError: Invalid HTTP format, parsing fails.>
2017-06-03 00:35:18 +0800: ENV: {"rack.version"=>[1, 3], "rack.errors"=>#<IO:/root/stories/shared/log/puma.stderr.log>, "rack.multithread"=>true, "rack.multiprocess"=>false, "rack.run_once"=>false, "SCRIPT_NAME"=>"", "QUERY_STRING"=>"", "SERVER_PROTOCOL"=>"HTTP/1.1", "SERVER_SOFTWARE"=>"2.16.0", "GATEWAY_INTERFACE"=>"CGI/1.2"}
---
2017-06-03 05:51:07 +0800: HTTP parse error, malformed request (): #<Puma::HttpParserError: Invalid HTTP format, parsing fails.>
2017-06-03 05:51:07 +0800: ENV: {"rack.version"=>[1, 3], "rack.errors"=>#<IO:/root/stories/shared/log/puma.stderr.log>, "rack.multithread"=>true, "rack.multiprocess"=>false, "rack.run_once"=>false, "SCRIPT_NAME"=>"", "QUERY_STRING"=>"", "SERVER_PROTOCOL"=>"HTTP/1.1", "SERVER_SOFTWARE"=>"2.16.0", "GATEWAY_INTERFACE"=>"CGI/1.2", "REQUEST_METHOD"=>"GET", "REQUEST_PATH"=>"/", "REQUEST_URI"=>"/"}
---
2017-06-03 13:07:47 +0800: HTTP parse error, malformed request (): #<Puma::HttpParserError: Invalid HTTP format, parsing fails.>
2017-06-03 13:07:47 +0800: ENV: {"rack.version"=>[1, 3], "rack.errors"=>#<IO:/root/stories/shared/log/puma.stderr.log>, "rack.multithread"=>true, "rack.multiprocess"=>false, "rack.run_once"=>false, "SCRIPT_NAME"=>"", "QUERY_STRING"=>"", "SERVER_PROTOCOL"=>"HTTP/1.1", "SERVER_SOFTWARE"=>"2.16.0", "GATEWAY_INTERFACE"=>"CGI/1.2"}
---
2017-06-03 19:37:08 +0800: HTTP parse error, malformed request (): #<Puma::HttpParserError: Invalid HTTP format, parsing fails.>
2017-06-03 19:37:08 +0800: ENV: {"rack.version"=>[1, 3], "rack.errors"=>#<IO:/root/stories/shared/log/puma.stderr.log>, "rack.multithread"=>true, "rack.multiprocess"=>false, "rack.run_once"=>false, "SCRIPT_NAME"=>"", "QUERY_STRING"=>"", "SERVER_PROTOCOL"=>"HTTP/1.1", "SERVER_SOFTWARE"=>"2.16.0", "GATEWAY_INTERFACE"=>"CGI/1.2", "REQUEST_METHOD"=>"GET"}
---
